<?xml version="1.0" encoding="UTF-8" ?>
<testsuite errors="0" failures="0" hostname="Pickles-MBP.local" name="tekdays.TekEventTests" tests="1" time="0.604" timestamp="2013-07-19T22:21:20">
  <properties />
  <testcase classname="tekdays.TekEventTests" name="testToString" time="0.6" />
  <system-out><![CDATA[--Output from testToString--
]]></system-out>
  <system-err><![CDATA[--Output from testToString--
]]></system-err>
</testsuite>
