<?xml version="1.0" encoding="UTF-8" ?>
<testsuite errors="0" failures="0" hostname="Pickles-MBP.local" name="tekdays.TekEventControllerTests" tests="1" time="2.961" timestamp="2013-07-19T22:21:17">
  <properties />
  <testcase classname="tekdays.TekEventControllerTests" name="testSomething" time="2.666" />
  <system-out><![CDATA[--Output from testSomething--
]]></system-out>
  <system-err><![CDATA[--Output from testSomething--
]]></system-err>
</testsuite>
